#
# A fatal error has been detected by the Java Runtime Environment:
#
#  EXCEPTION_ACCESS_VIOLATION (0xc0000005) at pc=0x00007ff889fd9561, pid=28864, tid=21916
#
# JRE version: OpenJDK Runtime Environment (17.0.2+8) (build 17.0.2+8-86)
# Java VM: OpenJDK 64-Bit Server VM (17.0.2+8-86, mixed mode, sharing, tiered, compressed oops, compressed class ptrs, g1 gc, windows-amd64)
# Problematic frame:
# C  [ntdll.dll+0x69561]
#
# No core dump will be written. Minidumps are not enabled by default on client versions of Windows
#
# If you would like to submit a bug report, please visit:
#   https://bugreport.java.com/bugreport/crash.jsp
#

---------------  S U M M A R Y ------------

Command Line: -Dapplication.home=C:\Java\jdk-17.0.2 --add-modules=ALL-DEFAULT -Xms8m -Xmx2048m -Djdk.module.main=jdk.compiler jdk.compiler/com.sun.tools.javac.Main -d bin\classes @C:\Program Files\Anywhere Software\B4J\release_java_modules.txt -p C:\Java\jdk-17.0.2\bin\..\javafx\lib -Xmaxerrs 1 -nowarn -Xlint:none -target 9 -source 9 -version -encoding UTF-8 -cp C:\Program Files\Anywhere Software\B4J\libraries\jdebug.jar;C:\Program Files\Anywhere Software\B4J\libraries\cssutils.jar;C:\Program Files\Anywhere Software\B4J\libraries\javaobject.jar;C:\B4X\AddtionalLibraries\b4j\jawtrobot.jar;C:\B4X\AddtionalLibraries\b4j\jcalendar.jar;C:\Program Files\Anywhere Software\B4J\libraries\jcore.jar;C:\Program Files\Anywhere Software\B4J\libraries\jdateutils.jar;C:\Program Files\Anywhere Software\B4J\libraries\jfx.jar;C:\Program Files\Anywhere Software\B4J\libraries\jnet.jar;C:\Program Files\Anywhere Software\B4J\libraries\jnetwork.jar;C:\Program Files\Anywhere Software\B4J\libraries\jrandomaccessfile.jar;C:\B4X\AddtionalLibraries\b4j\jreflection.jar;C:\B4X\AddtionalLibraries\b4j\jsch.jar;C:\B4X\AddtionalLibraries\b4j\jsd_flexgrid.jar;C:\Program Files\Anywhere Software\B4J\libraries\jshell.jar;C:\Program Files\Anywhere Software\B4J\libraries\jxmlsax.jar;C:\Program Files\Anywhere Software\B4J\libraries\jxui.jar;C:\Program Files\Anywhere Software\B4J\libraries\xcustomlistview.jar;C:\B4X\AddtionalLibraries\b4j\encryption.jar;C:\Program Files\Anywhere Software\B4J\libraries\json.jar;C:\B4X\AddtionalLibraries\b4j\jsch-0.1.54.jar;C:\B4X\AddtionalLibraries\b4j\poi-ooxml-lite-5.0.0.jar;C:\Program Files\Anywhere Software\B4J\libraries\byteconverter.jar;C:\Program Files\Anywhere Software\B4J\libraries\jsql.jar;C:\Program Files\Anywhere Software\B4J\libraries\jbitmapcreator.jar;C:\Program Files\Anywhere Software\B4J\libraries\jpoi.jar;C:\B4X\AddtionalLibraries\B4X\mycustomclasses.jar;C:\Program Files\Anywhere Software\B4J\libraries\jstringutils.jar;C:\Program Files\Anywhere Software\B4J\libraries\okhttp.jar;C:\Program Files\Anywhere Software\B4J\libraries\xmlbuilder.jar;C:\B4X\AddtionalLibraries\b4j\poi-5.0.0.jar;C:\B4X\AddtionalLibraries\b4j\poi-ooxml-5.0.0.jar;C:\B4X\AddtionalLibraries\b4j\xmlbeans-4.0.0.jar;C:\B4X\AddtionalLibraries\b4j\commons-collections4-4.4.jar;C:\B4X\AddtionalLibraries\b4j\commons-compress-1.20.jar;C:\B4X\AddtionalLibraries\b4j\commons-math3-3.6.1.jar;C:\B4X\AddtionalLibraries\b4j\commons-codec-1.15.jar;C:\B4X\AddtionalLibraries\b4j\sparsebitset-1.2.jar;C:\Program Files\Anywhere Software\B4J\libraries\okhttp-4.9.0.jar;C:\Program Files\Anywhere Software\B4J\libraries\okio-2.8.0.jar;C:\Program Files\Anywhere Software\B4J\libraries\okhttp-urlconnection-4.9.3.jar;C:\Program Files\Anywhere Software\B4J\libraries\kotlin-stdlib-1.6.10.jar;C:\B4X\AddtionalLibraries\b4j\sqlite-jdbc-3.34.0.jar;C:\B4X\AddtionalLibraries\b4j\reactfx-2.0-m5.jar;C:\B4X\AddtionalLibraries\b4j\guava-31.0.1-jre.jar;C:\B4X\AddtionalLibraries\b4j\jna-5.6.0.jar;C:\B4X\AddtionalLibraries\b4j\jna-platform-5.6.0.jar;C:\Program Files\Anywhere Software\B4J\libraries\fontawesome.jar;C:\Program Files\Anywhere Software\B4J\libraries\materialicons.jar;;bin\classes\ src\b4j\docU\animatedcounter.java src\b4j\docU\anotherprogressbar.java src\b4j\docU\b4jtextflow.java src\b4j\docU\b4xbitset.java src\b4j\docU\b4xbreadcrumb.java src\b4j\docU\b4xbytesbuilder.java src\b4j\docU\b4xcache.java src\b4j\docU\b4xcollections.java src\b4j\docU\b4xcolortemplate.java src\b4j\docU\b4xcombobox.java src\b4j\docU\b4xcomparatorsort.java src\b4j\docU\b4xdatetemplate.java src\b4j\docU\b4xdialog.java src\b4j\docU\b4xdrawer.java src\b4j\docU\b4xfloattextfield.java src\b4j\docU\b4xformatter.java src\b4j\docU\b4ximageview.java src\b4j\docU\b4xinputtemplate.java src\b4j\docU\b4xlisttemplate.java src\b4j\docU\b4xloadingindicator.java src\b4j\docU\b4xlongtexttemplate.java src\b4j\docU\b4xorderedmap.java src\b4j\docU\b4xplusminus.java src\b4j\docU\b4xradiobutton.java src\b4j\docU\b4xsearchtemplate.java src\b4j\docU\b4xseekbar.java src\b4j\docU\b4xset.java src\b4j\docU\b4xsignaturetemplate.java src\b4j\docU\b4xswitch.java src\b4j\docU\b4xtimedtemplate.java src\b4j\docU\bbcodeparser.java src\b4j\docU\bbcodeview.java src\b4j\docU\bblabel.java src\b4j\docU\bccolorpicker.java src\b4j\docU\bctextengine.java src\b4j\docU\canalisisdisponiblefichaestadocomentarioalmacenarticulotalla.java src\b4j\docU\canalisisdisponiblesalmacenarticulotalla.java src\b4j\docU\canalisisdisponiblesarticulotallaalmacenescomputables.java src\b4j\docU\canalisistarifasavisostarifacompra.java src\b4j\docU\canalisistarifasavisostarifaventa.java src\b4j\docU\canalisistarifasinfoventas.java src\b4j\docU\canalisistarifastarifasventausuario.java src\b4j\docU\ccontroldocumentosnogestionados.java src\b4j\docU\ccontroldocumentosperiodo.java src\b4j\docU\ccontrolosubspendientesnoconfeccion.java src\b4j\docU\cdocumentosnavexpedicion.java src\b4j\docU\cexpedicionesnoentregadasdhl.java src\b4j\docU\cexpedicionesperiodotxt.java src\b4j\docU\cexpedicionessinentregartxt.java src\b4j\docU\cfasesdocumento.java src\b4j\docU\cfichaanalisistarifasventa.java src\b4j\docU\cgestioncompras.java src\b4j\docU\cgestionventas.java src\b4j\docU\cinfoenviosperiodocorreosexpress2.java src\b4j\docU\cinfoexpedicioncorreosexpress.java src\b4j\docU\cinfoexpediciondhl.java src\b4j\docU\cinfoexpediciontxt.java src\b4j\docU\cinformesexpedicionesclientes.java src\b4j\docU\clistaanalisistarifasventa.java src\b4j\docU\clvselectionsjamtableclv.java src\b4j\docU\clvselectionsjamtableview.java src\b4j\docU\cmarcaralbaranfisico.java src\b4j\docU\cmauxcorreosexpress.java src\b4j\docU\cmauxtxt.java src\b4j\docU\cmpermisos.java src\b4j\docU\cnuevafasedocumento.java src\b4j\docU\cpermisosaplicacion.java src\b4j\docU\cseguimientofechasprometidascompra.java src\b4j\docU\cseleccionarticulonav.java src\b4j\docU\ct1.java src\b4j\docU\dbrequestmanager.java src\b4j\docU\dbutils.java src\b4j\docU\httpjob.java src\b4j\docU\httputils2service.java src\b4j\docU\jamb4xlongtexttemplate.java src\b4j\docU\jamcircularprogressbar.java src\b4j\docU\jamformregistro.java src\b4j\docU\jamlinknavision.java src\b4j\docU\jamloadingindicator.java src\b4j\docU\jammsgdialog.java src\b4j\docU\jammsgdialogbbcodeview.java src\b4j\docU\jampegardatospreview.java src\b4j\docU\jamrecordformbuilder.java src\b4j\docU\jamrecordformclvdragger.java src\b4j\docU\jamtableclv.java src\b4j\docU\jamtableclvcamposbuilder.java src\b4j\docU\jamtableclvclvdragger.java src\b4j\docU\jamtableview.java src\b4j\docU\jamtableviewcamposbuilder.java src\b4j\docU\jamtableviewclvdragger.java src\b4j\docU\jrdcquery.java src\b4j\docU\madewithlove.java src\b4j\docU\main.java src\b4j\docU\mainmenu2.java src\b4j\docU\map2xml.java src\b4j\docU\preferencesdialog.java src\b4j\docU\preoptimizedclv.java src\b4j\docU\recentfilesmanagerrecordformbuilder.java src\b4j\docU\regexbuilder.java src\b4j\docU\roundslider.java src\b4j\docU\scrollinglabel.java src\b4j\docU\swiftbutton.java src\b4j\docU\textflow.java src\b4j\docU\utilidades.java src\b4j\docU\wildcardlisting.java src\b4j\docU\worddocument.java src\b4j\docU\wordparagraph.java src\b4j\docU\wordutils.java src\b4j\docU\xlconditionalformattingrule.java src\b4j\docU\xlreader.java src\b4j\docU\xlreaderresult.java src\b4j\docU\xlsheetwriter.java src\b4j\docU\xlstyle.java src\b4j\docU\xltable.java src\b4j\docU\xlutils.java src\b4j\docU\xlworkbookwriter.java src\b4j\docU\xml2map.java src\b4j\docU\xuiviewsutils.java

Host: 11th Gen Intel(R) Core(TM) i7-1165G7 @ 2.80GHz, 8 cores, 15G,  Windows 11 , 64 bit Build 22621 (10.0.22621.1344)
Time: Mon Mar 13 09:14:33 2023 Hora estándar romance elapsed time: 1.315662 seconds (0d 0h 0m 1s)

---------------  T H R E A D  ---------------

Current thread (0x000001a5af2a4190):  JavaThread "main" [_thread_in_vm, id=21916, stack(0x0000004d82800000,0x0000004d82900000)]

Stack: [0x0000004d82800000,0x0000004d82900000],  sp=0x0000004d828fcbb0,  free space=1010k
Native frames: (J=compiled Java code, j=interpreted, Vv=VM code, C=native code)
C  [ntdll.dll+0x69561]
C  [ntdll.dll+0x69500]
V  [jvm.dll+0x73c4e1]
V  [jvm.dll+0x648fc3]
V  [jvm.dll+0x253547]
V  [jvm.dll+0x2528e5]
C  0x000001a5b6ad5bab

Java frames: (J=compiled Java code, j=interpreted, Vv=VM code)
v  ~UncommonTrapBlob
J 1128 c2 com.sun.tools.javac.parser.JavaTokenizer.readToken()Lcom/sun/tools/javac/parser/Tokens$Token; jdk.compiler@17.0.2 (1731 bytes) @ 0x000001a5be5deb50 [0x000001a5be5d8ea0+0x0000000000005cb0]
J 1278 c2 com.sun.tools.javac.parser.JavacParser.term3()Lcom/sun/tools/javac/tree/JCTree$JCExpression; jdk.compiler@17.0.2 (2724 bytes) @ 0x000001a5be6299dc [0x000001a5be628c40+0x0000000000000d9c]
J 1086 c2 com.sun.tools.javac.parser.JavacParser.term()Lcom/sun/tools/javac/tree/JCTree$JCExpression; jdk.compiler@17.0.2 (67 bytes) @ 0x000001a5be5ba4fc [0x000001a5be5ba4c0+0x000000000000003c]
J 1188 c2 com.sun.tools.javac.parser.JavacParser.blockStatement()Lcom/sun/tools/javac/util/List; jdk.compiler@17.0.2 (1439 bytes) @ 0x000001a5be5e5688 [0x000001a5be5e4c60+0x0000000000000a28]
J 1255 c2 com.sun.tools.javac.parser.JavacParser.blockStatements()Lcom/sun/tools/javac/util/List; jdk.compiler@17.0.2 (85 bytes) @ 0x000001a5be60a9c4 [0x000001a5be60a700+0x00000000000002c4]
J 1069 c1 com.sun.tools.javac.parser.JavacParser.block(IJ)Lcom/sun/tools/javac/tree/JCTree$JCBlock; jdk.compiler@17.0.2 (114 bytes) @ 0x000001a5b7242314 [0x000001a5b7242120+0x00000000000001f4]
J 1110 c1 com.sun.tools.javac.parser.JavacParser.methodDeclaratorRest(ILcom/sun/tools/javac/tree/JCTree$JCModifiers;Lcom/sun/tools/javac/tree/JCTree$JCExpression;Lcom/sun/tools/javac/util/Name;Lcom/sun/tools/javac/util/List;ZZZLcom/sun/tools/javac/parser/Tokens$Comment;)Lcom/sun/tools/javac/tree/JCTree; jdk.compiler@17.0.2 (318 bytes) @ 0x000001a5b725b794 [0x000001a5b725b3a0+0x00000000000003f4]
J 1067 c1 com.sun.tools.javac.parser.JavacParser.classOrInterfaceOrRecordBodyDeclaration(Lcom/sun/tools/javac/util/Name;ZZ)Lcom/sun/tools/javac/util/List; jdk.compiler@17.0.2 (994 bytes) @ 0x000001a5b7239754 [0x000001a5b7234d60+0x00000000000049f4]
J 1234 c1 com.sun.tools.javac.parser.JavacParser.classInterfaceOrRecordBody(Lcom/sun/tools/javac/util/Name;ZZ)Lcom/sun/tools/javac/util/List; jdk.compiler@17.0.2 (145 bytes) @ 0x000001a5b72aad6c [0x000001a5b72aa620+0x000000000000074c]
j  com.sun.tools.javac.parser.JavacParser.classDeclaration(Lcom/sun/tools/javac/tree/JCTree$JCModifiers;Lcom/sun/tools/javac/parser/Tokens$Comment;)Lcom/sun/tools/javac/tree/JCTree$JCClassDecl;+96 jdk.compiler@17.0.2
j  com.sun.tools.javac.parser.JavacParser.classOrRecordOrInterfaceOrEnumDeclaration(Lcom/sun/tools/javac/tree/JCTree$JCModifiers;Lcom/sun/tools/javac/parser/Tokens$Comment;)Lcom/sun/tools/javac/tree/JCTree$JCStatement;+16 jdk.compiler@17.0.2
j  com.sun.tools.javac.parser.JavacParser.typeDeclaration(Lcom/sun/tools/javac/tree/JCTree$JCModifiers;Lcom/sun/tools/javac/parser/Tokens$Comment;)Lcom/sun/tools/javac/tree/JCTree;+52 jdk.compiler@17.0.2
j  com.sun.tools.javac.parser.JavacParser.parseCompilationUnit()Lcom/sun/tools/javac/tree/JCTree$JCCompilationUnit;+463 jdk.compiler@17.0.2
j  com.sun.tools.javac.main.JavaCompiler.parse(Ljavax/tools/JavaFileObject;Ljava/lang/CharSequence;)Lcom/sun/tools/javac/tree/JCTree$JCCompilationUnit;+123 jdk.compiler@17.0.2
j  com.sun.tools.javac.main.JavaCompiler.parse(Ljavax/tools/JavaFileObject;)Lcom/sun/tools/javac/tree/JCTree$JCCompilationUnit;+16 jdk.compiler@17.0.2
j  com.sun.tools.javac.main.JavaCompiler.parseFiles(Ljava/lang/Iterable;Z)Lcom/sun/tools/javac/util/List;+91 jdk.compiler@17.0.2
j  com.sun.tools.javac.main.JavaCompiler.parseFiles(Ljava/lang/Iterable;)Lcom/sun/tools/javac/util/List;+3 jdk.compiler@17.0.2
j  com.sun.tools.javac.main.JavaCompiler.compile(Ljava/util/Collection;Ljava/util/Collection;Ljava/lang/Iterable;Ljava/util/Collection;)V+292 jdk.compiler@17.0.2
j  com.sun.tools.javac.main.Main.compile([Ljava/lang/String;Lcom/sun/tools/javac/util/Context;)Lcom/sun/tools/javac/main/Main$Result;+622 jdk.compiler@17.0.2
j  com.sun.tools.javac.main.Main.compile([Ljava/lang/String;)Lcom/sun/tools/javac/main/Main$Result;+15 jdk.compiler@17.0.2
j  com.sun.tools.javac.Main.compile([Ljava/lang/String;)I+12 jdk.compiler@17.0.2
j  com.sun.tools.javac.Main.main([Ljava/lang/String;)V+1 jdk.compiler@17.0.2
v  ~StubRoutines::call_stub

siginfo: EXCEPTION_ACCESS_VIOLATION (0xc0000005), reading address 0x0000004d837ff6e8


Register to memory mapping:

RIP=0x00007ff889fd9561 ntdll.dll
RAX=0x0000004d828fcb00 is pointing into the stack for thread: 0x000001a5af2a4190
RBX=0x0000004d828fcbf8 is pointing into the stack for thread: 0x000001a5af2a4190
RCX=0x000001a5af29fed0 points into unknown readable memory: 0x0000004d837ff6e8 | e8 f6 7f 83 4d 00 00 00
RDX=0x0000004d837ff6e8 is pointing into the stack for thread: 0x000001a5ccfe1c00
RSP=0x0000004d828fcbb0 is pointing into the stack for thread: 0x000001a5af2a4190
RBP=0x0000000000000001 is an unknown value
RSI=0x0000004d837ff6e0 is pointing into the stack for thread: 0x000001a5ccfe1c00
RDI=0x0 is NULL
R8 =0x0000000000000001 is an unknown value
R9 =0x0000004d837ff6e8 is pointing into the stack for thread: 0x000001a5ccfe1c00
R10=0x0000004d837ff6e0 is pointing into the stack for thread: 0x000001a5ccfe1c00
R11=0x000001a5af29fed0 points into unknown readable memory: 0x0000004d837ff6e8 | e8 f6 7f 83 4d 00 00 00
R12=0x00007fffd4701700 jvm.dll
R13=0x000001a5cd82f1f8 is pointing into metadata
R14=0x0 is NULL
R15=0x0 is NULL


Registers:
RAX=0x0000004d828fcb00, RBX=0x0000004d828fcbf8, RCX=0x000001a5af29fed0, RDX=0x0000004d837ff6e8
RSP=0x0000004d828fcbb0, RBP=0x0000000000000001, RSI=0x0000004d837ff6e0, RDI=0x0000000000000000
R8 =0x0000000000000001, R9 =0x0000004d837ff6e8, R10=0x0000004d837ff6e0, R11=0x000001a5af29fed0
R12=0x00007fffd4701700, R13=0x000001a5cd82f1f8, R14=0x0000000000000000, R15=0x0000000000000000
RIP=0x00007ff889fd9561, EFLAGS=0x0000000000010202

Top of Stack: (sp=0x0000004d828fcbb0)
0x0000004d828fcbb0:   00000000001823c8 000001a5be5f37dc
0x0000004d828fcbc0:   0000000000000001 0000004d828fcd10
0x0000004d828fcbd0:   000001a5d09c0800 000001a5be5d8190
0x0000004d828fcbe0:   0000000000000000 00007ff889fd9500
0x0000004d828fcbf0:   000001a5af29fea0 0000000000000000
0x0000004d828fcc00:   0000000000000002 000001a5d09c0800
0x0000004d828fcc10:   000001a5be5d8190 00007fffd435c4e1
0x0000004d828fcc20:   000001a5af29fea0 0000000000000002
0x0000004d828fcc30:   0000000000000000 000001a5be5d8190
0x0000004d828fcc40:   000001a5af2a0c20 00007fffd4268fc3
0x0000004d828fcc50:   0000000000000002 000001a5be5d8ec0
0x0000004d828fcc60:   000001a5af2a0c20 000001a5be5d8ec0
0x0000004d828fcc70:   000001a5cd82f320 0000000000000006
0x0000004d828fcc80:   00007fffd4503d30 00007fffd435d66c
0x0000004d828fcc90:   0000000000000017 00007fffd3e70e93
0x0000004d828fcca0:   000001a5acc625b0 0000000000000017 

Instructions: (pc=0x00007ff889fd9561)
0x00007ff889fd9461:   85 85 ed 05 00 48 89 4b 08 48 89 03 48 89 19 48
0x00007ff889fd9471:   8b ce 48 89 58 08 8b 87 b4 01 00 00 8d 98 00 10
0x00007ff889fd9481:   00 00 33 d8 81 e3 00 f0 7f 00 33 d8 89 9f b4 01
0x00007ff889fd9491:   00 00 e8 28 a2 fc ff 8b c3 c1 e8 0b 33 c3 a9 fe
0x00007ff889fd94a1:   0f 00 00 0f 85 30 ff ff ff 48 8d 8f c0 01 00 00
0x00007ff889fd94b1:   e8 1a 00 00 00 e9 1f ff ff ff cc cc cc cc cc cc
0x00007ff889fd94c1:   cc cc cc cc cc cc cc 71 91 52 38 db 17 b9 81 48
0x00007ff889fd94d1:   83 ec 28 48 8b 01 4c 8b c9 48 85 c0 74 21 a8 08
0x00007ff889fd94e1:   0f 85 0b ed 05 00 48 8d 50 08 f0 49 0f b1 11 75
0x00007ff889fd94f1:   e8 41 b8 01 00 00 00 49 8b c9 e8 0c 00 00 00 48
0x00007ff889fd9501:   83 c4 28 c3 cc cc cc cc cc cc cc 48 8b c4 48 89
0x00007ff889fd9511:   58 08 48 89 68 18 56 57 41 56 48 83 ec 20 45 33
0x00007ff889fd9521:   f6 48 8d 58 10 4c 89 70 10 41 8b e8 8a c2 4c 8b
0x00007ff889fd9531:   d9 4c 8b ca 41 8b fe 4c 8b d2 49 83 e2 f0 24 07
0x00007ff889fd9541:   49 8b f2 3c 07 75 0f 49 8b c6 49 87 03 48 83 e0
0x00007ff889fd9551:   f0 48 89 03 eb 46 44 8b c2 41 83 e0 07 44 03 c5
0x00007ff889fd9561:   4d 39 72 08 0f 84 a9 ec 05 00 49 8b 4a 08 44 3b
0x00007ff889fd9571:   c7 0f 86 85 00 00 00 48 8b 41 10 48 85 c0 0f 85
0x00007ff889fd9581:   97 00 00 00 44 3b c7 76 73 48 8b c2 f0 4d 0f b1
0x00007ff889fd9591:   33 4c 8b c8 75 77 48 89 0b 4c 89 31 48 8b 5c 24
0x00007ff889fd95a1:   48 48 85 db 74 42 48 8b 3b f0 0f ba 73 24 01 72
0x00007ff889fd95b1:   2a 48 8b 4c 24 48 48 8b 51 28 48 85 d2 74 09 e8
0x00007ff889fd95c1:   83 00 00 00 84 c0 75 13 f0 83 4b 24 04 48 8b 4c
0x00007ff889fd95d1:   24 48 48 8b 49 18 e8 54 64 03 00 48 8b df 48 89
0x00007ff889fd95e1:   5c 24 48 48 85 ff 75 be 48 8b 5c 24 40 48 8b 6c
0x00007ff889fd95f1:   24 50 48 83 c4 20 41 5e 5f 5e c3 cc 49 83 e1 f0
0x00007ff889fd9601:   48 8b c2 f0 4d 0f b1 0b 4c 8b c8 74 8f 49 8b d1
0x00007ff889fd9611:   4d 8b d1 41 8a c1 e9 1f ff ff ff 48 89 0b ff c7
0x00007ff889fd9621:   4c 89 31 48 8b d9 48 89 46 08 48 8b c8 4c 89 30
0x00007ff889fd9631:   44 3b c7 0f 86 4b ff ff ff e9 39 ff ff ff cc cc
0x00007ff889fd9641:   cc cc cc cc cc cc cc 48 89 5c 24 18 57 48 83 ec
0x00007ff889fd9651:   20 8b 79 24 45 33 d2 48 8b 02 40 80 e7 01 44 89 


Stack slot to memory mapping:
stack at sp + 0 slots: 0x00000000001823c8 is an unknown value
stack at sp + 1 slots: 0x000001a5be5f37dc is at entry_point+220 in (nmethod*)0x000001a5be5f3590
stack at sp + 2 slots: 0x0000000000000001 is an unknown value
stack at sp + 3 slots: 0x0000004d828fcd10 is pointing into the stack for thread: 0x000001a5af2a4190
stack at sp + 4 slots: 0x000001a5d09c0800 points into unknown readable memory: 0x00007fffd44edc90 | 90 dc 4e d4 ff 7f 00 00
stack at sp + 5 slots: 0x000001a5be5d8190 is at entry_point+-3344 in (nmethod*)0x000001a5be5d8190
stack at sp + 6 slots: 0x0 is NULL
stack at sp + 7 slots: 0x00007ff889fd9500 ntdll.dll


---------------  P R O C E S S  ---------------

Threads class SMR info:
_java_thread_list=0x000001a5ce980c40, length=14, elements={
0x000001a5af2a4190, 0x000001a5ccf93ee0, 0x000001a5ccf94e90, 0x000001a5ccf9e120,
0x000001a5ccf9ecd0, 0x000001a5ccfa76c0, 0x000001a5ccfa8070, 0x000001a5ccfa8d50,
0x000001a5ccfb91f0, 0x000001a5ccfe1c00, 0x000001a5ccf7ca80, 0x000001a5ce15c990,
0x000001a5ce6b7670, 0x000001a5ce78bd70
}

Java Threads: ( => current thread )
=>0x000001a5af2a4190 JavaThread "main" [_thread_in_vm, id=21916, stack(0x0000004d82800000,0x0000004d82900000)]
  0x000001a5ccf93ee0 JavaThread "Reference Handler" daemon [_thread_blocked, id=28992, stack(0x0000004d82f00000,0x0000004d83000000)]
  0x000001a5ccf94e90 JavaThread "Finalizer" daemon [_thread_blocked, id=30532, stack(0x0000004d83000000,0x0000004d83100000)]
  0x000001a5ccf9e120 JavaThread "Signal Dispatcher" daemon [_thread_blocked, id=34524, stack(0x0000004d83100000,0x0000004d83200000)]
  0x000001a5ccf9ecd0 JavaThread "Attach Listener" daemon [_thread_blocked, id=19116, stack(0x0000004d83200000,0x0000004d83300000)]
  0x000001a5ccfa76c0 JavaThread "Service Thread" daemon [_thread_blocked, id=10476, stack(0x0000004d83300000,0x0000004d83400000)]
  0x000001a5ccfa8070 JavaThread "Monitor Deflation Thread" daemon [_thread_blocked, id=6240, stack(0x0000004d83400000,0x0000004d83500000)]
  0x000001a5ccfa8d50 JavaThread "C2 CompilerThread0" daemon [_thread_blocked, id=1300, stack(0x0000004d83500000,0x0000004d83600000)]
  0x000001a5ccfb91f0 JavaThread "C1 CompilerThread0" daemon [_thread_blocked, id=30132, stack(0x0000004d83600000,0x0000004d83700000)]
  0x000001a5ccfe1c00 JavaThread "Sweeper thread" daemon [_thread_blocked, id=17588, stack(0x0000004d83700000,0x0000004d83800000)]
  0x000001a5ccf7ca80 JavaThread "Common-Cleaner" daemon [_thread_blocked, id=31860, stack(0x0000004d83800000,0x0000004d83900000)]
  0x000001a5ce15c990 JavaThread "Notification Thread" daemon [_thread_blocked, id=32464, stack(0x0000004d83900000,0x0000004d83a00000)]
  0x000001a5ce6b7670 JavaThread "C2 CompilerThread1" daemon [_thread_blocked, id=34400, stack(0x0000004d84200000,0x0000004d84300000)]
  0x000001a5ce78bd70 JavaThread "C2 CompilerThread2" daemon [_thread_blocked, id=14696, stack(0x0000004d84400000,0x0000004d84500000)]

Other Threads:
  0x000001a5ccf8f7b0 VMThread "VM Thread" [stack: 0x0000004d82e00000,0x0000004d82f00000] [id=33736] _threads_hazard_ptr=0x000001a5ce980c40
  0x000001a5acc81b10 WatcherThread [stack: 0x0000004d83a00000,0x0000004d83b00000] [id=24128]
  0x000001a5af2e8320 GCTaskThread "GC Thread#0" [stack: 0x0000004d82900000,0x0000004d82a00000] [id=35736]
  0x000001a5ce373c50 GCTaskThread "GC Thread#1" [stack: 0x0000004d83b00000,0x0000004d83c00000] [id=24372]
  0x000001a5ce2d5970 GCTaskThread "GC Thread#2" [stack: 0x0000004d83c00000,0x0000004d83d00000] [id=23248]
  0x000001a5ce2d5c20 GCTaskThread "GC Thread#3" [stack: 0x0000004d83d00000,0x0000004d83e00000] [id=34488]
  0x000001a5ce2d5ed0 GCTaskThread "GC Thread#4" [stack: 0x0000004d83e00000,0x0000004d83f00000] [id=34596]
  0x000001a5ce324030 GCTaskThread "GC Thread#5" [stack: 0x0000004d83f00000,0x0000004d84000000] [id=28524]
  0x000001a5ce3f95e0 GCTaskThread "GC Thread#6" [stack: 0x0000004d84000000,0x0000004d84100000] [id=29548]
  0x000001a5ce3f9890 GCTaskThread "GC Thread#7" [stack: 0x0000004d84100000,0x0000004d84200000] [id=32000]
  0x000001a5af2f9090 ConcurrentGCThread "G1 Main Marker" [stack: 0x0000004d82a00000,0x0000004d82b00000] [id=25612]
  0x000001a5af2f9aa0 ConcurrentGCThread "G1 Conc#0" [stack: 0x0000004d82b00000,0x0000004d82c00000] [id=12148]
  0x000001a5ce6b7b80 ConcurrentGCThread "G1 Conc#1" [stack: 0x0000004d84300000,0x0000004d84400000] [id=16424]
  0x000001a5cce42640 ConcurrentGCThread "G1 Refine#0" [stack: 0x0000004d82c00000,0x0000004d82d00000] [id=21764]
  0x000001a5cce42f00 ConcurrentGCThread "G1 Service" [stack: 0x0000004d82d00000,0x0000004d82e00000] [id=15824]

Threads with active compile tasks:
C2 CompilerThread0     1343 1330       4       com.sun.tools.javac.parser.JavacParser::variableDeclaratorsRest (86 bytes)
C2 CompilerThread1     1343 1334       4       com.sun.tools.javac.parser.JavacParser::parExpression (47 bytes)
C2 CompilerThread2     1344 1336       4       com.sun.tools.javac.parser.JavacParser::creator (678 bytes)

VM state: synchronizing (normal execution)

VM Mutex/Monitor currently owned by a thread:  ([mutex/lock_event])
[0x000001a5af29fea0] CodeSweeper_lock - owner thread: 0x000001a5af2a4190
[0x000001a5af29fab0] Threads_lock - owner thread: 0x000001a5ccf8f7b0
[0x000001a5af2a0680] Heap_lock - owner thread: 0x000001a5af2f9090

Heap address: 0x0000000080000000, size: 2048 MB, Compressed Oops mode: 32-bit

CDS archive(s) mapped at: [0x0000000800000000-0x0000000800bc0000-0x0000000800bc0000), size 12320768, SharedBaseAddress: 0x0000000800000000, ArchiveRelocationMode: 0.
Compressed class space mapped at: 0x0000000800c00000-0x0000000840c00000, reserved size: 1073741824
Narrow klass base: 0x0000000800000000, Narrow klass shift: 0, Narrow klass range: 0x100000000

GC Precious Log:
 CPUs: 8 total, 8 available
 Memory: 16082M
 Large Page Support: Disabled
 NUMA Support: Disabled
 Compressed Oops: Enabled (32-bit)
 Heap Region Size: 1M
 Heap Min Capacity: 8M
 Heap Initial Capacity: 8M
 Heap Max Capacity: 2G
 Pre-touch: Disabled
 Parallel Workers: 8
 Concurrent Workers: 2
 Concurrent Refinement Workers: 8
 Periodic GC: Disabled

Heap:
 garbage-first heap   total 75776K, used 47104K [0x0000000080000000, 0x0000000100000000)
  region size 1024K, 12 young (12288K), 2 survivors (2048K)
 Metaspace       used 8143K, committed 8320K, reserved 1064960K
  class space    used 900K, committed 1024K, reserved 1048576K

Heap Regions: E=young(eden), S=young(survivor), O=old, HS=humongous(starts), HC=humongous(continues), CS=collection set, F=free, OA=open archive, CA=closed archive, TAMS=top-at-mark-start (previous, next)
|   0|0x0000000080000000, 0x0000000080100000, 0x0000000080100000|100%| O|  |TAMS 0x0000000080100000, 0x0000000080000000| Untracked 
|   1|0x0000000080100000, 0x0000000080200000, 0x0000000080200000|100%|HS|  |TAMS 0x0000000080200000, 0x0000000080100000| Complete 
|   2|0x0000000080200000, 0x0000000080300000, 0x0000000080300000|100%| O|  |TAMS 0x0000000080300000, 0x0000000080200000| Untracked 
|   3|0x0000000080300000, 0x0000000080400000, 0x0000000080400000|100%| O|  |TAMS 0x0000000080400000, 0x0000000080300000| Untracked 
|   4|0x0000000080400000, 0x0000000080500000, 0x0000000080500000|100%| O|  |TAMS 0x0000000080500000, 0x0000000080400000| Untracked 
|   5|0x0000000080500000, 0x0000000080600000, 0x0000000080600000|100%| O|  |TAMS 0x0000000080600000, 0x0000000080500000| Untracked 
|   6|0x0000000080600000, 0x0000000080700000, 0x0000000080700000|100%| O|  |TAMS 0x0000000080700000, 0x0000000080600000| Untracked 
|   7|0x0000000080700000, 0x0000000080800000, 0x0000000080800000|100%| O|  |TAMS 0x0000000080800000, 0x0000000080700000| Untracked 
|   8|0x0000000080800000, 0x0000000080900000, 0x0000000080900000|100%| O|  |TAMS 0x0000000080900000, 0x0000000080800000| Untracked 
|   9|0x0000000080900000, 0x0000000080a00000, 0x0000000080a00000|100%| O|  |TAMS 0x0000000080a00000, 0x0000000080900000| Untracked 
|  10|0x0000000080a00000, 0x0000000080b00000, 0x0000000080b00000|100%| O|  |TAMS 0x0000000080b00000, 0x0000000080a00000| Untracked 
|  11|0x0000000080b00000, 0x0000000080c00000, 0x0000000080c00000|100%| O|  |TAMS 0x0000000080c00000, 0x0000000080b00000| Untracked 
|  12|0x0000000080c00000, 0x0000000080d00000, 0x0000000080d00000|100%| O|  |TAMS 0x0000000080d00000, 0x0000000080c00000| Untracked 
|  13|0x0000000080d00000, 0x0000000080e00000, 0x0000000080e00000|100%| O|  |TAMS 0x0000000080e00000, 0x0000000080d00000| Updating 
|  14|0x0000000080e00000, 0x0000000080f00000, 0x0000000080f00000|100%| O|  |TAMS 0x0000000080f00000, 0x0000000080e00000| Updating 
|  15|0x0000000080f00000, 0x0000000081000000, 0x0000000081000000|100%| O|  |TAMS 0x0000000080f00000, 0x0000000080f00000| Untracked 
|  16|0x0000000081000000, 0x0000000081100000, 0x0000000081100000|100%| O|  |TAMS 0x0000000081100000, 0x0000000081000000| Untracked 
|  17|0x0000000081100000, 0x0000000081200000, 0x0000000081200000|100%| O|  |TAMS 0x0000000081200000, 0x0000000081100000| Updating 
|  18|0x0000000081200000, 0x0000000081300000, 0x0000000081300000|100%| O|  |TAMS 0x0000000081200000, 0x0000000081200000| Untracked 
|  19|0x0000000081300000, 0x0000000081400000, 0x0000000081400000|100%|HS|  |TAMS 0x0000000081400000, 0x0000000081300000| Complete 
|  20|0x0000000081400000, 0x0000000081500000, 0x0000000081500000|100%|HC|  |TAMS 0x0000000081500000, 0x0000000081400000| Complete 
|  21|0x0000000081500000, 0x0000000081600000, 0x0000000081600000|100%| O|  |TAMS 0x0000000081600000, 0x0000000081500000| Untracked 
|  22|0x0000000081600000, 0x0000000081700000, 0x0000000081700000|100%| O|  |TAMS 0x0000000081700000, 0x0000000081600000| Updating 
|  23|0x0000000081700000, 0x0000000081800000, 0x0000000081800000|100%| O|  |TAMS 0x0000000081800000, 0x0000000081700000| Untracked 
|  24|0x0000000081800000, 0x0000000081900000, 0x0000000081900000|100%| O|  |TAMS 0x0000000081900000, 0x0000000081800000| Untracked 
|  25|0x0000000081900000, 0x0000000081a00000, 0x0000000081a00000|100%|HS|  |TAMS 0x0000000081a00000, 0x0000000081900000| Complete 
|  26|0x0000000081a00000, 0x0000000081b00000, 0x0000000081b00000|100%|HC|  |TAMS 0x0000000081b00000, 0x0000000081a00000| Complete 
|  27|0x0000000081b00000, 0x0000000081c00000, 0x0000000081c00000|100%|HC|  |TAMS 0x0000000081c00000, 0x0000000081b00000| Complete 
|  28|0x0000000081c00000, 0x0000000081d00000, 0x0000000081d00000|100%|HC|  |TAMS 0x0000000081d00000, 0x0000000081c00000| Complete 
|  29|0x0000000081d00000, 0x0000000081e00000, 0x0000000081e00000|100%| O|  |TAMS 0x0000000081e00000, 0x0000000081d00000| Untracked 
|  30|0x0000000081e00000, 0x0000000081f00000, 0x0000000081f00000|100%| O|  |TAMS 0x0000000081f00000, 0x0000000081e00000| Untracked 
|  31|0x0000000081f00000, 0x0000000082000000, 0x0000000082000000|100%| O|  |TAMS 0x0000000082000000, 0x0000000081f00000| Untracked 
|  32|0x0000000082000000, 0x0000000082100000, 0x0000000082100000|100%| O|  |TAMS 0x0000000082100000, 0x0000000082000000| Untracked 
|  33|0x0000000082100000, 0x0000000082200000, 0x0000000082200000|100%| O|  |TAMS 0x000000008212b200, 0x0000000082100000| Updating 
|  34|0x0000000082200000, 0x0000000082300000, 0x0000000082300000|100%| O|  |TAMS 0x0000000082200000, 0x0000000082200000| Untracked 
|  35|0x0000000082300000, 0x0000000082300000, 0x0000000082400000|  0%| F|  |TAMS 0x0000000082300000, 0x0000000082300000| Untracked 
|  36|0x0000000082400000, 0x0000000082400000, 0x0000000082500000|  0%| F|  |TAMS 0x0000000082400000, 0x0000000082400000| Untracked 
|  37|0x0000000082500000, 0x0000000082500000, 0x0000000082600000|  0%| F|  |TAMS 0x0000000082500000, 0x0000000082500000| Untracked 
|  38|0x0000000082600000, 0x0000000082600000, 0x0000000082700000|  0%| F|  |TAMS 0x0000000082600000, 0x0000000082600000| Untracked 
|  39|0x0000000082700000, 0x0000000082700000, 0x0000000082800000|  0%| F|  |TAMS 0x0000000082700000, 0x0000000082700000| Untracked 
|  40|0x0000000082800000, 0x0000000082800000, 0x0000000082900000|  0%| F|  |TAMS 0x0000000082800000, 0x0000000082800000| Untracked 
|  41|0x0000000082900000, 0x0000000082900000, 0x0000000082a00000|  0%| F|  |TAMS 0x0000000082900000, 0x0000000082900000| Untracked 
|  42|0x0000000082a00000, 0x0000000082a00000, 0x0000000082b00000|  0%| F|  |TAMS 0x0000000082a00000, 0x0000000082a00000| Untracked 
|  43|0x0000000082b00000, 0x0000000082b00000, 0x0000000082c00000|  0%| F|  |TAMS 0x0000000082b00000, 0x0000000082b00000| Untracked 
|  44|0x0000000082c00000, 0x0000000082c00000, 0x0000000082d00000|  0%| F|  |TAMS 0x0000000082c00000, 0x0000000082c00000| Untracked 
|  45|0x0000000082d00000, 0x0000000082d00000, 0x0000000082e00000|  0%| F|  |TAMS 0x0000000082d00000, 0x0000000082d00000| Untracked 
|  46|0x0000000082e00000, 0x0000000082e00000, 0x0000000082f00000|  0%| F|  |TAMS 0x0000000082e00000, 0x0000000082e00000| Untracked 
|  47|0x0000000082f00000, 0x0000000082f00000, 0x0000000083000000|  0%| F|  |TAMS 0x0000000082f00000, 0x0000000082f00000| Untracked 
|  48|0x0000000083000000, 0x0000000083000000, 0x0000000083100000|  0%| F|  |TAMS 0x0000000083000000, 0x0000000083000000| Untracked 
|  49|0x0000000083100000, 0x0000000083100000, 0x0000000083200000|  0%| F|  |TAMS 0x0000000083100000, 0x0000000083100000| Untracked 
|  50|0x0000000083200000, 0x0000000083300000, 0x0000000083300000|100%| S|CS|TAMS 0x0000000083200000, 0x0000000083200000| Complete 
|  51|0x0000000083300000, 0x0000000083400000, 0x0000000083400000|100%| S|CS|TAMS 0x0000000083300000, 0x0000000083300000| Complete 
|  52|0x0000000083400000, 0x0000000083400000, 0x0000000083500000|  0%| F|  |TAMS 0x0000000083400000, 0x0000000083400000| Untracked 
|  53|0x0000000083500000, 0x0000000083500000, 0x0000000083600000|  0%| F|  |TAMS 0x0000000083500000, 0x0000000083500000| Untracked 
|  54|0x0000000083600000, 0x0000000083600000, 0x0000000083700000|  0%| F|  |TAMS 0x0000000083600000, 0x0000000083600000| Untracked 
|  55|0x0000000083700000, 0x0000000083700000, 0x0000000083800000|  0%| F|  |TAMS 0x0000000083700000, 0x0000000083700000| Untracked 
|  56|0x0000000083800000, 0x0000000083800000, 0x0000000083900000|  0%| F|  |TAMS 0x0000000083800000, 0x0000000083800000| Untracked 
|  57|0x0000000083900000, 0x0000000083900000, 0x0000000083a00000|  0%| F|  |TAMS 0x0000000083900000, 0x0000000083900000| Untracked 
|  58|0x0000000083a00000, 0x0000000083b00000, 0x0000000083b00000|100%| E|CS|TAMS 0x0000000083a00000, 0x0000000083a00000| Complete 
|  59|0x0000000083b00000, 0x0000000083c00000, 0x0000000083c00000|100%| E|CS|TAMS 0x0000000083b00000, 0x0000000083b00000| Complete 
|  60|0x0000000083c00000, 0x0000000083d00000, 0x0000000083d00000|100%| E|CS|TAMS 0x0000000083c00000, 0x0000000083c00000| Complete 
|  61|0x0000000083d00000, 0x0000000083e00000, 0x0000000083e00000|100%| E|CS|TAMS 0x0000000083d00000, 0x0000000083d00000| Complete 
|  62|0x0000000083e00000, 0x0000000083f00000, 0x0000000083f00000|100%| E|CS|TAMS 0x0000000083e00000, 0x0000000083e00000| Complete 
|  63|0x0000000083f00000, 0x0000000084000000, 0x0000000084000000|100%| E|CS|TAMS 0x0000000083f00000, 0x0000000083f00000| Complete 
|  64|0x0000000084000000, 0x0000000084100000, 0x0000000084100000|100%| E|CS|TAMS 0x0000000084000000, 0x0000000084000000| Complete 
|  65|0x0000000084100000, 0x0000000084100000, 0x0000000084200000|  0%| F|  |TAMS 0x0000000084100000, 0x0000000084100000| Untracked 
|  66|0x0000000084200000, 0x0000000084200000, 0x0000000084300000|  0%| F|  |TAMS 0x0000000084200000, 0x0000000084200000| Untracked 
|  67|0x0000000084300000, 0x0000000084300000, 0x0000000084400000|  0%| F|  |TAMS 0x0000000084300000, 0x0000000084300000| Untracked 
|  68|0x0000000084400000, 0x0000000084400000, 0x0000000084500000|  0%| F|  |TAMS 0x0000000084400000, 0x0000000084400000| Untracked 
|  69|0x0000000084500000, 0x0000000084500000, 0x0000000084600000|  0%| F|  |TAMS 0x0000000084500000, 0x0000000084500000| Untracked 
|  70|0x0000000084600000, 0x0000000084600000, 0x0000000084700000|  0%| F|  |TAMS 0x0000000084600000, 0x0000000084600000| Untracked 
|  71|0x0000000084700000, 0x0000000084800000, 0x0000000084800000|100%| E|  |TAMS 0x0000000084700000, 0x0000000084700000| Complete 
|  72|0x0000000084800000, 0x0000000084900000, 0x0000000084900000|100%| E|CS|TAMS 0x0000000084800000, 0x0000000084800000| Complete 
|  73|0x0000000084900000, 0x0000000084a00000, 0x0000000084a00000|100%| E|CS|TAMS 0x0000000084900000, 0x0000000084900000| Complete 

Card table byte_map: [0x000001a5c61b0000,0x000001a5c65b0000] _byte_map_base: 0x000001a5c5db0000

Marking Bits (Prev, Next): (CMBitMap*) 0x000001a5af2e8840, (CMBitMap*) 0x000001a5af2e8880
 Prev Bits: [0x000001a5c69b0000, 0x000001a5c89b0000)
 Next Bits: [0x000001a5c89b0000, 0x000001a5ca9b0000)

Polling page: 0x000001a5ace30000

Metaspace:

Usage:
  Non-class:      7.07 MB used.
      Class:    900.49 KB used.
       Both:      7.95 MB used.

Virtual space:
  Non-class space:       16.00 MB reserved,       7.12 MB ( 45%) committed,  2 nodes.
      Class space:        1.00 GB reserved,       1.00 MB ( <1%) committed,  1 nodes.
             Both:        1.02 GB reserved,       8.12 MB ( <1%) committed. 

Chunk freelists:
   Non-Class:  2.38 MB
       Class:  2.97 MB
        Both:  5.34 MB

MaxMetaspaceSize: unlimited
CompressedClassSpaceSize: 1.00 GB
Initial GC threshold: 21.00 MB
Current GC threshold: 21.00 MB
CDS: on
MetaspaceReclaimPolicy: balanced
 - commit_granule_bytes: 65536.
 - commit_granule_words: 8192.
 - virtual_space_node_default_size: 1048576.
 - enlarge_chunks_in_place: 1.
 - new_chunks_are_fully_committed: 0.
 - uncommit_free_chunks: 1.
 - use_allocation_guard: 0.
 - handle_deallocations: 1.


Internal statistics:

num_allocs_failed_limit: 0.
num_arena_births: 50.
num_arena_deaths: 0.
num_vsnodes_births: 3.
num_vsnodes_deaths: 0.
num_space_committed: 130.
num_space_uncommitted: 0.
num_chunks_returned_to_freelist: 0.
num_chunks_taken_from_freelist: 327.
num_chunk_merges: 0.
num_chunk_splits: 230.
num_chunks_enlarged: 175.
num_purges: 0.
num_inconsistent_stats: 0.

CodeHeap 'non-profiled nmethods': size=120000Kb used=1022Kb max_used=1022Kb free=118977Kb
 bounds [0x000001a5be550000, 0x000001a5be7c0000, 0x000001a5c5a80000]
CodeHeap 'profiled nmethods': size=120000Kb used=2841Kb max_used=2841Kb free=117158Kb
 bounds [0x000001a5b7020000, 0x000001a5b72f0000, 0x000001a5be550000]
CodeHeap 'non-nmethods': size=5760Kb used=1140Kb max_used=1185Kb free=4619Kb
 bounds [0x000001a5b6a80000, 0x000001a5b6cf0000, 0x000001a5b7020000]
 total_blobs=1747 nmethods=1334 adapters=326
 compilation: enabled
              stopped_count=0, restarted_count=0
 full_count=0

Compilation events (20 events):
Event: 1.292 Thread 0x000001a5ccfa8d50 nmethod 1331 0x000001a5be642290 code [0x000001a5be642400, 0x000001a5be6424b8]
Event: 1.292 Thread 0x000001a5ccfa8d50 1332       4       com.sun.tools.javac.parser.JavacParser::checkNoMods (32 bytes)
Event: 1.292 Thread 0x000001a5ccfa8d50 nmethod 1332 0x000001a5be642590 code [0x000001a5be642700, 0x000001a5be6427b8]
Event: 1.293 Thread 0x000001a5ccfa8d50 1333       4       com.sun.tools.javac.parser.JavacParser::optFinal (29 bytes)
Event: 1.293 Thread 0x000001a5ccfa8d50 nmethod 1333 0x000001a5be642890 code [0x000001a5be642a20, 0x000001a5be642b48]
Event: 1.293 Thread 0x000001a5ccfa8d50 1328       4       com.sun.tools.javac.parser.JavacParser::parseStatementAsBlock (185 bytes)
Event: 1.294 Thread 0x000001a5ccfb91f0 1335       3       com.sun.tools.javac.tree.TreeMaker::Break (20 bytes)
Event: 1.294 Thread 0x000001a5ccfb91f0 nmethod 1335 0x000001a5b72e4d90 code [0x000001a5b72e4f40, 0x000001a5b72e5298]
Event: 1.295 Thread 0x000001a5ce6b7670 nmethod 1325 0x000001a5be642d10 code [0x000001a5be642ee0, 0x000001a5be643808]
Event: 1.295 Thread 0x000001a5ce6b7670 1334       4       com.sun.tools.javac.parser.JavacParser::parExpression (47 bytes)
Event: 1.295 Thread 0x000001a5ccfa8d50 nmethod 1328 0x000001a5be643d90 code [0x000001a5be643f40, 0x000001a5be644128]
Event: 1.295 Thread 0x000001a5ccfa8d50 1329       4       com.sun.tools.javac.tree.TreeMaker::If (24 bytes)
Event: 1.298 Thread 0x000001a5ccfa8d50 nmethod 1329 0x000001a5be644390 code [0x000001a5be644520, 0x000001a5be644638]
Event: 1.298 Thread 0x000001a5ccfa8d50 1330       4       com.sun.tools.javac.parser.JavacParser::variableDeclaratorsRest (86 bytes)
Event: 1.307 Thread 0x000001a5ccfb91f0 1337       3       com.sun.tools.javac.tree.TreeMaker::NewClass (13 bytes)
Event: 1.308 Thread 0x000001a5ccfb91f0 nmethod 1337 0x000001a5b72e5410 code [0x000001a5b72e55a0, 0x000001a5b72e56e8]
Event: 1.308 Thread 0x000001a5ccfb91f0 1338       3       com.sun.tools.javac.parser.JavacParser::classCreatorRest (112 bytes)
Event: 1.308 Thread 0x000001a5ccfb91f0 nmethod 1338 0x000001a5b72e5790 code [0x000001a5b72e59e0, 0x000001a5b72e6128]
Event: 1.309 Thread 0x000001a5ce78bd70 nmethod 1266 0x000001a5be644710 code [0x000001a5be644fc0, 0x000001a5be64b7e8]
Event: 1.310 Thread 0x000001a5ce78bd70 1336       4       com.sun.tools.javac.parser.JavacParser::creator (678 bytes)

GC Heap History (20 events):
Event: 0.601 GC heap before
{Heap before GC invocations=11 (full 0):
 garbage-first heap   total 18432K, used 9992K [0x0000000080000000, 0x0000000100000000)
  region size 1024K, 5 young (5120K), 1 survivors (1024K)
 Metaspace       used 8052K, committed 8256K, reserved 1064960K
  class space    used 896K, committed 960K, reserved 1048576K
}
Event: 0.603 GC heap after
{Heap after GC invocations=12 (full 0):
 garbage-first heap   total 18432K, used 8006K [0x0000000080000000, 0x0000000100000000)
  region size 1024K, 1 young (1024K), 1 survivors (1024K)
 Metaspace       used 8052K, committed 8256K, reserved 1064960K
  class space    used 896K, committed 960K, reserved 1048576K
}
Event: 0.625 GC heap before
{Heap before GC invocations=12 (full 0):
 garbage-first heap   total 18432K, used 11078K [0x0000000080000000, 0x0000000100000000)
  region size 1024K, 5 young (5120K), 1 survivors (1024K)
 Metaspace       used 8063K, committed 8256K, reserved 1064960K
  class space    used 897K, committed 960K, reserved 1048576K
}
Event: 0.626 GC heap after
{Heap after GC invocations=13 (full 0):
 garbage-first heap   total 18432K, used 8716K [0x0000000080000000, 0x0000000100000000)
  region size 1024K, 1 young (1024K), 1 survivors (1024K)
 Metaspace       used 8063K, committed 8256K, reserved 1064960K
  class space    used 897K, committed 960K, reserved 1048576K
}
Event: 0.640 GC heap before
{Heap before GC invocations=13 (full 0):
 garbage-first heap   total 18432K, used 10764K [0x0000000080000000, 0x0000000100000000)
  region size 1024K, 4 young (4096K), 1 survivors (1024K)
 Metaspace       used 8067K, committed 8256K, reserved 1064960K
  class space    used 897K, committed 960K, reserved 1048576K
}
Event: 0.641 GC heap after
{Heap after GC invocations=14 (full 0):
 garbage-first heap   total 36864K, used 9371K [0x0000000080000000, 0x0000000100000000)
  region size 1024K, 1 young (1024K), 1 survivors (1024K)
 Metaspace       used 8067K, committed 8256K, reserved 1064960K
  class space    used 897K, committed 960K, reserved 1048576K
}
Event: 0.754 GC heap before
{Heap before GC invocations=14 (full 0):
 garbage-first heap   total 36864K, used 21659K [0x0000000080000000, 0x0000000100000000)
  region size 1024K, 14 young (14336K), 1 survivors (1024K)
 Metaspace       used 8090K, committed 8256K, reserved 1064960K
  class space    used 897K, committed 960K, reserved 1048576K
}
Event: 0.758 GC heap after
{Heap after GC invocations=15 (full 0):
 garbage-first heap   total 36864K, used 12224K [0x0000000080000000, 0x0000000100000000)
  region size 1024K, 2 young (2048K), 2 survivors (2048K)
 Metaspace       used 8090K, committed 8256K, reserved 1064960K
  class space    used 897K, committed 960K, reserved 1048576K
}
Event: 0.848 GC heap before
{Heap before GC invocations=15 (full 0):
 garbage-first heap   total 36864K, used 22464K [0x0000000080000000, 0x0000000100000000)
  region size 1024K, 12 young (12288K), 2 survivors (2048K)
 Metaspace       used 8106K, committed 8256K, reserved 1064960K
  class space    used 897K, committed 960K, reserved 1048576K
}
Event: 0.852 GC heap after
{Heap after GC invocations=16 (full 0):
 garbage-first heap   total 36864K, used 14657K [0x0000000080000000, 0x0000000100000000)
  region size 1024K, 2 young (2048K), 2 survivors (2048K)
 Metaspace       used 8106K, committed 8256K, reserved 1064960K
  class space    used 897K, committed 960K, reserved 1048576K
}
Event: 0.891 GC heap before
{Heap before GC invocations=16 (full 0):
 garbage-first heap   total 36864K, used 22849K [0x0000000080000000, 0x0000000100000000)
  region size 1024K, 11 young (11264K), 2 survivors (2048K)
 Metaspace       used 8109K, committed 8256K, reserved 1064960K
  class space    used 897K, committed 960K, reserved 1048576K
}
Event: 0.894 GC heap after
{Heap after GC invocations=17 (full 0):
 garbage-first heap   total 36864K, used 16840K [0x0000000080000000, 0x0000000100000000)
  region size 1024K, 2 young (2048K), 2 survivors (2048K)
 Metaspace       used 8109K, committed 8256K, reserved 1064960K
  class space    used 897K, committed 960K, reserved 1048576K
}
Event: 0.928 GC heap before
{Heap before GC invocations=17 (full 0):
 garbage-first heap   total 36864K, used 25032K [0x0000000080000000, 0x0000000100000000)
  region size 1024K, 10 young (10240K), 2 survivors (2048K)
 Metaspace       used 8112K, committed 8256K, reserved 1064960K
  class space    used 897K, committed 960K, reserved 1048576K
}
Event: 0.932 GC heap after
{Heap after GC invocations=18 (full 0):
 garbage-first heap   total 66560K, used 19434K [0x0000000080000000, 0x0000000100000000)
  region size 1024K, 2 young (2048K), 2 survivors (2048K)
 Metaspace       used 8112K, committed 8256K, reserved 1064960K
  class space    used 897K, committed 960K, reserved 1048576K
}
Event: 1.012 GC heap before
{Heap before GC invocations=18 (full 0):
 garbage-first heap   total 66560K, used 47082K [0x0000000080000000, 0x0000000100000000)
  region size 1024K, 26 young (26624K), 2 survivors (2048K)
 Metaspace       used 8131K, committed 8320K, reserved 1064960K
  class space    used 900K, committed 1024K, reserved 1048576K
}
Event: 1.021 GC heap after
{Heap after GC invocations=19 (full 0):
 garbage-first heap   total 66560K, used 25600K [0x0000000080000000, 0x0000000100000000)
  region size 1024K, 4 young (4096K), 4 survivors (4096K)
 Metaspace       used 8131K, committed 8320K, reserved 1064960K
  class space    used 900K, committed 1024K, reserved 1048576K
}
Event: 1.195 GC heap before
{Heap before GC invocations=19 (full 0):
 garbage-first heap   total 66560K, used 52224K [0x0000000080000000, 0x0000000100000000)
  region size 1024K, 22 young (22528K), 4 survivors (4096K)
 Metaspace       used 8141K, committed 8320K, reserved 1064960K
  class space    used 900K, committed 1024K, reserved 1048576K
}
Event: 1.206 GC heap after
{Heap after GC invocations=20 (full 0):
 garbage-first heap   total 66560K, used 34988K [0x0000000080000000, 0x0000000100000000)
  region size 1024K, 3 young (3072K), 3 survivors (3072K)
 Metaspace       used 8141K, committed 8320K, reserved 1064960K
  class space    used 900K, committed 1024K, reserved 1048576K
}
Event: 1.271 GC heap before
{Heap before GC invocations=20 (full 0):
 garbage-first heap   total 66560K, used 48300K [0x0000000080000000, 0x0000000100000000)
  region size 1024K, 16 young (16384K), 3 survivors (3072K)
 Metaspace       used 8143K, committed 8320K, reserved 1064960K
  class space    used 900K, committed 1024K, reserved 1048576K
}
Event: 1.279 GC heap after
{Heap after GC invocations=21 (full 0):
 garbage-first heap   total 66560K, used 37888K [0x0000000080000000, 0x0000000100000000)
  region size 1024K, 2 young (2048K), 2 survivors (2048K)
 Metaspace       used 8143K, committed 8320K, reserved 1064960K
  class space    used 900K, committed 1024K, reserved 1048576K
}

Deoptimization events (20 events):
Event: 0.866 Thread 0x000001a5af2a4190 DEOPT PACKING pc=0x000001a5b727fa70 sp=0x0000004d828fe7a0
Event: 0.866 Thread 0x000001a5af2a4190 DEOPT UNPACKING pc=0x000001a5b6ad6763 sp=0x0000004d828fdc68 mode 0
Event: 0.867 Thread 0x000001a5af2a4190 DEOPT PACKING pc=0x000001a5b728b714 sp=0x0000004d828fe8d0
Event: 0.867 Thread 0x000001a5af2a4190 DEOPT UNPACKING pc=0x000001a5b6ad6763 sp=0x0000004d828fde40 mode 0
Event: 0.945 Thread 0x000001a5af2a4190 DEOPT PACKING pc=0x000001a5b72a7529 sp=0x0000004d828fe8a0
Event: 0.946 Thread 0x000001a5af2a4190 DEOPT UNPACKING pc=0x000001a5b6ad6763 sp=0x0000004d828fdcf0 mode 0
Event: 0.964 Thread 0x000001a5af2a4190 DEOPT PACKING pc=0x000001a5b72a7529 sp=0x0000004d828fe8a0
Event: 0.964 Thread 0x000001a5af2a4190 DEOPT UNPACKING pc=0x000001a5b6ad6763 sp=0x0000004d828fdcf0 mode 0
Event: 0.968 Thread 0x000001a5af2a4190 DEOPT PACKING pc=0x000001a5b72a7529 sp=0x0000004d828fe8a0
Event: 0.968 Thread 0x000001a5af2a4190 DEOPT UNPACKING pc=0x000001a5b6ad6763 sp=0x0000004d828fdcf0 mode 0
Event: 0.987 Thread 0x000001a5af2a4190 DEOPT PACKING pc=0x000001a5b72a7529 sp=0x0000004d828fe8a0
Event: 0.987 Thread 0x000001a5af2a4190 DEOPT UNPACKING pc=0x000001a5b6ad6763 sp=0x0000004d828fdcf0 mode 0
Event: 0.995 Thread 0x000001a5af2a4190 Uncommon trap: trap_request=0xffffff45 fr.pc=0x000001a5be5b2250 relative=0x0000000000000d90
Event: 0.995 Thread 0x000001a5af2a4190 Uncommon trap: reason=unstable_if action=reinterpret pc=0x000001a5be5b2250 method=com.sun.tools.javac.parser.JavacParser.term3Rest(Lcom/sun/tools/javac/tree/JCTree$JCExpression;Lcom/sun/tools/javac/util/List;)Lcom/sun/tools/javac/tree/JCTree$JCExpression;
Event: 0.995 Thread 0x000001a5af2a4190 DEOPT PACKING pc=0x000001a5be5b2250 sp=0x0000004d828fcac0
Event: 0.995 Thread 0x000001a5af2a4190 DEOPT UNPACKING pc=0x000001a5b6ad5c23 sp=0x0000004d828fca88 mode 2
Event: 1.005 Thread 0x000001a5af2a4190 DEOPT PACKING pc=0x000001a5b72a7529 sp=0x0000004d828fe8a0
Event: 1.005 Thread 0x000001a5af2a4190 DEOPT UNPACKING pc=0x000001a5b6ad6763 sp=0x0000004d828fdcf0 mode 0
Event: 1.309 Thread 0x000001a5af2a4190 Uncommon trap: trap_request=0xffffff45 fr.pc=0x000001a5be5deb50 relative=0x0000000000005cb0
Event: 1.309 Thread 0x000001a5af2a4190 Uncommon trap: reason=unstable_if action=reinterpret pc=0x000001a5be5deb50 method=java.lang.AbstractStringBuilder.isLatin1()Z @ 10 c2

Classes unloaded (0 events):
No events

Classes redefined (0 events):
No events

Internal exceptions (17 events):
Event: 0.084 Thread 0x000001a5af2a4190 Exception <a 'java/lang/NoSuchMethodError'{0x00000000806ecdb8}: 'void java.lang.invoke.DirectMethodHandle$Holder.invokeSpecial(java.lang.Object, java.lang.Object, java.lang.Object)'> (0x00000000806ecdb8) 
thrown [t:\workspace\open\src\hotspot\share\interpreter\linkResolver.cpp, line 766]
Event: 0.130 Thread 0x000001a5af2a4190 Exception <a 'sun/nio/fs/WindowsException'{0x00000000805dae50}> (0x00000000805dae50) 
thrown [t:\workspace\open\src\hotspot\share\prims\jni.cpp, line 516]
Event: 0.130 Thread 0x000001a5af2a4190 Exception <a 'java/lang/NoSuchMethodError'{0x00000000805dc3d8}: 'java.lang.Object java.lang.invoke.DirectMethodHandle$Holder.invokeVirtual(java.lang.Object, java.lang.Object, java.lang.Object)'> (0x00000000805dc3d8) 
thrown [t:\workspace\open\src\hotspot\share\interpreter\linkResolver.cpp, line 766]
Event: 0.131 Thread 0x000001a5af2a4190 Exception <a 'java/lang/NoSuchMethodError'{0x00000000805e6ed0}: 'int java.lang.invoke.DirectMethodHandle$Holder.invokeInterface(java.lang.Object, java.lang.Object)'> (0x00000000805e6ed0) 
thrown [t:\workspace\open\src\hotspot\share\interpreter\linkResolver.cpp, line 766]
Event: 0.287 Thread 0x000001a5af2a4190 Exception <a 'sun/nio/fs/WindowsException'{0x00000000807b3d70}> (0x00000000807b3d70) 
thrown [t:\workspace\open\src\hotspot\share\prims\jni.cpp, line 516]
Event: 0.287 Thread 0x000001a5af2a4190 Exception <a 'sun/nio/fs/WindowsException'{0x00000000807b49e0}> (0x00000000807b49e0) 
thrown [t:\workspace\open\src\hotspot\share\prims\jni.cpp, line 516]
Event: 0.287 Thread 0x000001a5af2a4190 Exception <a 'sun/nio/fs/WindowsException'{0x00000000807b4c40}> (0x00000000807b4c40) 
thrown [t:\workspace\open\src\hotspot\share\prims\jni.cpp, line 516]
Event: 0.291 Thread 0x000001a5af2a4190 Exception <a 'java/lang/NoSuchMethodError'{0x00000000807c2c88}: 'int java.lang.invoke.DirectMethodHandle$Holder.invokeVirtual(java.lang.Object, java.lang.Object, java.lang.Object)'> (0x00000000807c2c88) 
thrown [t:\workspace\open\src\hotspot\share\interpreter\linkResolver.cpp, line 766]
Event: 0.291 Thread 0x000001a5af2a4190 Exception <a 'java/lang/NoSuchMethodError'{0x00000000807c9960}: 'void java.lang.invoke.DirectMethodHandle$Holder.invokeInterface(java.lang.Object, java.lang.Object, java.lang.Object)'> (0x00000000807c9960) 
thrown [t:\workspace\open\src\hotspot\share\interpreter\linkResolver.cpp, line 766]
Event: 0.333 Thread 0x000001a5af2a4190 Exception <a 'java/lang/NoSuchMethodError'{0x00000000807d6448}: 'int java.lang.invoke.DirectMethodHandle$Holder.invokeStaticInit(java.lang.Object, java.lang.Object)'> (0x00000000807d6448) 
thrown [t:\workspace\open\src\hotspot\share\interpreter\linkResolver.cpp, line 766]
Event: 0.369 Thread 0x000001a5af2a4190 Exception <a 'java/lang/NoSuchMethodError'{0x0000000080575fd8}: 'int java.lang.invoke.DirectMethodHandle$Holder.invokeVirtual(java.lang.Object, java.lang.Object)'> (0x0000000080575fd8) 
thrown [t:\workspace\open\src\hotspot\share\interpreter\linkResolver.cpp, line 766]
Event: 0.373 Thread 0x000001a5af2a4190 Exception <a 'java/lang/NoSuchMethodError'{0x000000008059d4b0}: 'java.lang.Object java.lang.invoke.DirectMethodHandle$Holder.newInvokeSpecial(java.lang.Object, java.lang.Object, java.lang.Object, java.lang.Object, java.lang.Object)'> (0x000000008059d4b0) 
thrown [t:\workspace\open\src\hotspot\share\interpreter\linkResolver.cpp, line 766]
Event: 0.374 Thread 0x000001a5af2a4190 Exception <a 'java/lang/NoSuchMethodError'{0x00000000805abdf0}: 'java.lang.Object java.lang.invoke.DirectMethodHandle$Holder.newInvokeSpecial(java.lang.Object, java.lang.Object, java.lang.Object, java.lang.Object, java.lang.Object, java.lang.Object)'> (0x00000000805abdf0) 
thrown [t:\workspace\open\src\hotspot\share\interpreter\linkResolver.cpp, line 766]
Event: 0.384 Thread 0x000001a5af2a4190 Exception <a 'sun/nio/fs/WindowsException'{0x00000000805f4ea8}> (0x00000000805f4ea8) 
thrown [t:\workspace\open\src\hotspot\share\prims\jni.cpp, line 516]
Event: 0.384 Thread 0x000001a5af2a4190 Exception <a 'sun/nio/fs/WindowsException'{0x00000000805f5050}> (0x00000000805f5050) 
thrown [t:\workspace\open\src\hotspot\share\prims\jni.cpp, line 516]
Event: 0.385 Thread 0x000001a5af2a4190 Exception <a 'java/lang/NoSuchMethodError'{0x00000000805f6b30}: 'java.lang.Object java.lang.invoke.DirectMethodHandle$Holder.invokeStaticInit(java.lang.Object)'> (0x00000000805f6b30) 
thrown [t:\workspace\open\src\hotspot\share\interpreter\linkResolver.cpp, line 766]
Event: 0.647 Thread 0x000001a5af2a4190 Implicit null exception at 0x000001a5be5aa4cb to 0x000001a5be5a8ed8

VM Operations (20 events):
Event: 0.626 Executing VM operation: G1CollectForAllocation done
Event: 0.640 Executing VM operation: G1CollectForAllocation
Event: 0.641 Executing VM operation: G1CollectForAllocation done
Event: 0.754 Executing VM operation: G1CollectForAllocation
Event: 0.758 Executing VM operation: G1CollectForAllocation done
Event: 0.848 Executing VM operation: G1CollectForAllocation
Event: 0.852 Executing VM operation: G1CollectForAllocation done
Event: 0.891 Executing VM operation: G1CollectForAllocation
Event: 0.894 Executing VM operation: G1CollectForAllocation done
Event: 0.928 Executing VM operation: G1CollectForAllocation
Event: 0.932 Executing VM operation: G1CollectForAllocation done
Event: 1.012 Executing VM operation: G1CollectForAllocation
Event: 1.021 Executing VM operation: G1CollectForAllocation done
Event: 1.195 Executing VM operation: G1CollectForAllocation
Event: 1.206 Executing VM operation: G1CollectForAllocation done
Event: 1.271 Executing VM operation: G1CollectForAllocation
Event: 1.285 Executing VM operation: G1CollectForAllocation done
Event: 1.298 Executing VM operation: G1Concurrent
Event: 1.300 Executing VM operation: G1Concurrent done
Event: 1.309 Executing VM operation: G1Concurrent

Events (20 events):
Event: 0.386 loading class jdk/internal/jrtfs/SystemImage$1
Event: 0.386 loading class jdk/internal/jrtfs/SystemImage$1 done
Event: 0.403 loading class java/net/URLClassLoader$3
Event: 0.403 loading class java/net/URLClassLoader$3 done
Event: 0.403 loading class java/net/URLClassLoader$3$1
Event: 0.403 loading class java/net/URLClassLoader$3$1 done
Event: 0.414 loading class java/util/Vector
Event: 0.414 loading class java/util/Vector done
Event: 0.421 loading class jdk/internal/loader/URLClassPath$FileLoader
Event: 0.421 loading class jdk/internal/loader/URLClassPath$FileLoader done
Event: 0.463 loading class java/util/ServiceConfigurationError
Event: 0.463 loading class java/util/ServiceConfigurationError done
Event: 0.463 loading class java/lang/UnsupportedClassVersionError
Event: 0.463 loading class java/lang/ClassFormatError
Event: 0.463 loading class java/lang/ClassFormatError done
Event: 0.463 loading class java/lang/UnsupportedClassVersionError done
Event: 0.487 Thread 0x000001a5ce6b7670 Thread added: 0x000001a5ce6b7670
Event: 0.504 loading class jdk/internal/math/FloatingDecimal$ASCIIToBinaryBuffer
Event: 0.504 loading class jdk/internal/math/FloatingDecimal$ASCIIToBinaryBuffer done
Event: 0.525 Thread 0x000001a5ce78bd70 Thread added: 0x000001a5ce78bd70


Dynamic libraries:
0x00007ff7621a0000 - 0x00007ff7621a8000 	C:\Java\jdk-17.0.2\bin\javac.exe
0x00007ff889f70000 - 0x00007ff88a184000 	C:\WINDOWS\SYSTEM32\ntdll.dll
0x00007ff889300000 - 0x00007ff8893c3000 	C:\WINDOWS\System32\q_jzcrwx.dll
0x00007ff8878c0000 - 0x00007ff887c5c000 	C:\WINDOWS\System32\d_vbdlsjjb.dll
0x00007ff889f70000 - 0x00007ff88a184000 	C:\WINDOWS\SYSTEM32\ntdll.dll
0x00007ff889300000 - 0x00007ff8893c3000 	C:\WINDOWS\System32\q_jzcrwx.dll
0x00007ff8878c0000 - 0x00007ff887c5c000 	C:\WINDOWS\System32\d_vbdlsjjb.dll
0x00007ff8873b0000 - 0x00007ff8874c1000 	C:\WINDOWS\System32\ucrtbase.dll
0x00007ff87c6e0000 - 0x00007ff87c6f8000 	C:\Java\jdk-17.0.2\bin\jli.dll
0x00007ff887dc0000 - 0x00007ff887f6d000 	C:\WINDOWS\System32\USER32.dll
0x00007ff887640000 - 0x00007ff887666000 	C:\WINDOWS\System32\win32u.dll
0x00007ff888cc0000 - 0x00007ff888ce9000 	C:\WINDOWS\System32\GDI32.dll
0x00007ff887730000 - 0x00007ff887843000 	C:\WINDOWS\System32\gdi32full.dll
0x00007ff887ce0000 - 0x00007ff887d7a000 	C:\WINDOWS\System32\msvcp_win.dll
0x00007ff879ec0000 - 0x00007ff879eda000 	C:\Java\jdk-17.0.2\bin\VCRUNTIME140.dll
0x00007ff87bd90000 - 0x00007ff87c01e000 	C:\WINDOWS\WinSxS\amd64_microsoft.windows.common-controls_6595b64144ccf1df_6.0.22621.608_none_a9444ca7c10bb01d\COMCTL32.dll
0x00007ff889170000 - 0x00007ff889217000 	C:\WINDOWS\System32\msvcrt.dll
0x00007ff887f80000 - 0x00007ff887fb1000 	C:\WINDOWS\System32\IMM32.DLL
0x00007ff858750000 - 0x00007ff8588a6000 	C:\Program Files\Cisco\AMP\exprev\Protector64.dll
0x00007ff8882b0000 - 0x00007ff88835e000 	C:\WINDOWS\System32\ADVAPI32.dll
0x00007ff8880e0000 - 0x00007ff888184000 	C:\WINDOWS\System32\sechost.dll
0x00007ff888190000 - 0x00007ff8882a5000 	C:\WINDOWS\System32\RPCRT4.dll
0x00007ff8884d0000 - 0x00007ff888cc0000 	C:\WINDOWS\System32\SHELL32.dll
0x00007ff889220000 - 0x00007ff8892f7000 	C:\WINDOWS\System32\OLEAUT32.dll
0x00007ff889b40000 - 0x00007ff889ec9000 	C:\WINDOWS\System32\combase.dll
0x00007ff889ed0000 - 0x00007ff889f2e000 	C:\WINDOWS\System32\SHLWAPI.dll
0x00007ff87ea10000 - 0x00007ff87ea1a000 	C:\WINDOWS\SYSTEM32\VERSION.dll
0x00007ff8864d0000 - 0x00007ff886504000 	C:\WINDOWS\SYSTEM32\ntmarta.dll
0x00007ff87ef30000 - 0x00007ff87ef3c000 	C:\Java\jdk-17.0.2\bin\vcruntime140_1.dll
0x00007ff83a990000 - 0x00007ff83aa1d000 	C:\Java\jdk-17.0.2\bin\msvcp140.dll
0x00007fffd3c20000 - 0x00007fffd47e1000 	C:\Java\jdk-17.0.2\bin\server\jvm.dll
0x000001a5ace20000 - 0x000001a5ace28000 	C:\WINDOWS\System32\PSAPI.DLL
0x00007ff866570000 - 0x00007ff866579000 	C:\WINDOWS\SYSTEM32\WSOCK32.dll
0x00007ff889810000 - 0x00007ff889881000 	C:\WINDOWS\System32\WS2_32.dll
0x00007ff880030000 - 0x00007ff880064000 	C:\WINDOWS\SYSTEM32\WINMM.dll
0x00007ff8864b0000 - 0x00007ff8864c8000 	C:\WINDOWS\SYSTEM32\kernel.appcore.dll
0x00007ff87e370000 - 0x00007ff87e37a000 	C:\Java\jdk-17.0.2\bin\jimage.dll
0x00007ff882c10000 - 0x00007ff882e3e000 	C:\WINDOWS\SYSTEM32\DBGHELP.DLL
0x00007ff87fff0000 - 0x00007ff880022000 	C:\WINDOWS\SYSTEM32\dbgcore.DLL
0x000001a5ae990000 - 0x000001a5aea0b000 	C:\WINDOWS\System32\bcryptPrimitives.dll
0x00007ff8717e0000 - 0x00007ff871805000 	C:\Java\jdk-17.0.2\bin\java.dll
0x00007ff838620000 - 0x00007ff8386f6000 	C:\Java\jdk-17.0.2\bin\jsvml.dll
0x00007ff885460000 - 0x00007ff885d2e000 	C:\WINDOWS\SYSTEM32\windows.storage.dll
0x00007ff885230000 - 0x00007ff88536e000 	C:\WINDOWS\SYSTEM32\wintypes.dll
0x00007ff8883d0000 - 0x00007ff8884c1000 	C:\WINDOWS\System32\SHCORE.dll
0x00007ff8872e0000 - 0x00007ff887301000 	C:\WINDOWS\SYSTEM32\profapi.dll
0x00007ff8717c0000 - 0x00007ff8717d9000 	C:\Java\jdk-17.0.2\bin\net.dll
0x00007ff87f390000 - 0x00007ff87f4bf000 	C:\WINDOWS\SYSTEM32\WINHTTP.dll
0x00007ff886910000 - 0x00007ff886979000 	C:\WINDOWS\system32\mswsock.dll
0x00007ff866160000 - 0x00007ff866176000 	C:\Java\jdk-17.0.2\bin\nio.dll
0x00007ff858120000 - 0x00007ff858138000 	C:\Java\jdk-17.0.2\bin\zip.dll

dbghelp: loaded successfully - version: 4.0.5 - missing functions: none
symbol engine: initialized successfully - sym options: 0x614 - pdb path: .;C:\Java\jdk-17.0.2\bin;C:\WINDOWS\SYSTEM32;C:\WINDOWS\WinSxS\amd64_microsoft.windows.common-controls_6595b64144ccf1df_6.0.22621.608_none_a9444ca7c10bb01d;C:\Program Files\Cisco\AMP\exprev;C:\Java\jdk-17.0.2\bin\server

VM Arguments:
jvm_args: -Dapplication.home=C:\Java\jdk-17.0.2 --add-modules=ALL-DEFAULT -Xms8m -Xmx2048m -Djdk.module.main=jdk.compiler 
java_command: jdk.compiler/com.sun.tools.javac.Main -d bin\classes @C:\Program Files\Anywhere Software\B4J\release_java_modules.txt -p C:\Java\jdk-17.0.2\bin\..\javafx\lib -Xmaxerrs 1 -nowarn -Xlint:none -target 9 -source 9 -version -encoding UTF-8 -cp C:\Program Files\Anywhere Software\B4J\libraries\jdebug.jar;C:\Program Files\Anywhere Software\B4J\libraries\cssutils.jar;C:\Program Files\Anywhere Software\B4J\libraries\javaobject.jar;C:\B4X\AddtionalLibraries\b4j\jawtrobot.jar;C:\B4X\AddtionalLibraries\b4j\jcalendar.jar;C:\Program Files\Anywhere Software\B4J\libraries\jcore.jar;C:\Program Files\Anywhere Software\B4J\libraries\jdateutils.jar;C:\Program Files\Anywhere Software\B4J\libraries\jfx.jar;C:\Program Files\Anywhere Software\B4J\libraries\jnet.jar;C:\Program Files\Anywhere Software\B4J\libraries\jnetwork.jar;C:\Program Files\Anywhere Software\B4J\libraries\jrandomaccessfile.jar;C:\B4X\AddtionalLibraries\b4j\jreflection.jar;C:\B4X\AddtionalLibraries\b4j\jsch.jar;C:\B4X\AddtionalLibraries\b4j\jsd_flexgrid.jar;C:\Program Files\Anywhere Software\B4J\libraries\jshell.jar;C:\Program Files\Anywhere Software\B4J\libraries\jxmlsax.jar;C:\Program Files\Anywhere Software\B4J\libraries\jxui.jar;C:\Program Files\Anywhere Software\B4J\libraries\xcustomlistview.jar;C:\B4X\AddtionalLibraries\b4j\encryption.jar;C:\Program Files\Anywhere Software\B4J\libraries\json.jar;C:\B4X\AddtionalLibraries\b4j\jsch-0.1.54.jar;C:\B4X\AddtionalLibraries\b4j\poi-ooxml-lite-5.0.0.jar;C:\Program Files\Anywhere Software\B4J\libraries\byteconverter.jar;C:\Program Files\Anywhere Software\B4J\libraries\jsql.jar;C:\Program Files\Anywhere Software\B4J\libraries\jbitmapcreator.jar;C:\Program Files\Anywhere Software\B4J\libraries\jpoi.jar;C:\B4X\AddtionalLibraries\B4X\mycustomclasses.jar;C:\Program Files\Anywhere Software\B4J\libraries\jstringutils.jar;C:\Program Files\Anywhere Software\B4J\libraries\okhttp.jar;C:\Program Files\Anywhere Software\B4J\libraries\xmlbuilder.jar;C:\B4X\AddtionalLibraries
java_class_path (initial): <not set>
Launcher Type: SUN_STANDARD

[Global flags]
     intx CICompilerCount                          = 4                                         {product} {ergonomic}
     uint ConcGCThreads                            = 2                                         {product} {ergonomic}
     uint G1ConcRefinementThreads                  = 8                                         {product} {ergonomic}
   size_t G1HeapRegionSize                         = 1048576                                   {product} {ergonomic}
    uintx GCDrainStackTargetSize                   = 64                                        {product} {ergonomic}
   size_t InitialHeapSize                          = 8388608                                   {product} {command line}
   size_t MarkStackSize                            = 4194304                                   {product} {ergonomic}
   size_t MaxHeapSize                              = 2147483648                                {product} {command line}
   size_t MaxNewSize                               = 1287651328                                {product} {ergonomic}
   size_t MinHeapDeltaBytes                        = 1048576                                   {product} {ergonomic}
   size_t MinHeapSize                              = 8388608                                   {product} {command line}
    uintx NonNMethodCodeHeapSize                   = 5839372                                {pd product} {ergonomic}
    uintx NonProfiledCodeHeapSize                  = 122909434                              {pd product} {ergonomic}
    uintx ProfiledCodeHeapSize                     = 122909434                              {pd product} {ergonomic}
    uintx ReservedCodeCacheSize                    = 251658240                              {pd product} {ergonomic}
     bool SegmentedCodeCache                       = true                                      {product} {ergonomic}
   size_t SoftMaxHeapSize                          = 2147483648                             {manageable} {ergonomic}
     bool UseCompressedClassPointers               = true                           {product lp64_product} {ergonomic}
     bool UseCompressedOops                        = true                           {product lp64_product} {ergonomic}
     bool UseG1GC                                  = true                                      {product} {ergonomic}
     bool UseLargePagesIndividualAllocation        = false                                  {pd product} {ergonomic}

Logging:
Log output configuration:
 #0: stdout all=warning uptime,level,tags
 #1: stderr all=off uptime,level,tags

Environment Variables:
PATH=C:\Program Files (x86)\Common Files\Oracle\Java\javapath;C:\WINDOWS\system32;C:\WINDOWS;C:\WINDOWS\System32\Wbem;C:\WINDOWS\System32\WindowsPowerShell\v1.0\;C:\WINDOWS\System32\OpenSSH\;C:\Program Files\nodejs\;C:\Users\Santiago\AppData\Local\Microsoft\WindowsApps;C:\Program Files (x86)\Sophos\Sophos SSL VPN Client\bin;C:\Users\Santiago\AppData\Local\Programs\Microsoft VS Code\bin;C:\Users\Santiago\AppData\Roaming\npm
USERNAME=Santiago
OS=Windows_NT
PROCESSOR_IDENTIFIER=Intel64 Family 6 Model 140 Stepping 1, GenuineIntel



---------------  S Y S T E M  ---------------

OS:
 Windows 11 , 64 bit Build 22621 (10.0.22621.1344)
OS uptime: 4 days 11:23 hours
Hyper-V role detected

CPU: total 8 (initial active 8) (4 cores per cpu, 2 threads per core) family 6 model 140 stepping 1 microcode 0x86, cx8, cmov, fxsr, ht, mmx, 3dnowpref, sse, sse2, sse3, ssse3, sse4.1, sse4.2, popcnt, lzcnt, tsc, tscinvbit, avx, avx2, aes, erms, clmul, bmi1, bmi2, adx, avx512f, avx512dq, avx512cd, avx512bw, avx512vl, sha, fma, vzeroupper, avx512_vpopcntdq, avx512_vpclmulqdq, avx512_vaes, avx512_vnni, clflush, clflushopt, clwb, avx512_vbmi2, avx512_vbmi, hv

Memory: 4k page, system-wide physical 16082M (3689M free)
TotalPageFile size 44601M (AvailPageFile size 9329M)
current process WorkingSet (physical memory assigned to process): 170M, peak: 181M
current process commit charge ("private bytes"): 214M, peak: 218M

vm_info: OpenJDK 64-Bit Server VM (17.0.2+8-86) for windows-amd64 JRE (17.0.2+8-86), built on Dec  7 2021 21:49:10 by "mach5one" with MS VC++ 16.8 / 16.9 (VS2019)

END.
